# JRE version: OpenJDK Runtime Environment (8.0_242-b01) (build 1.8.0_242-release-1644-b01)
# Java VM: OpenJDK 64-Bit Server VM (25.242-b01 mixed mode windows-amd64 compressed oops)
Heap:
 PSYoungGen      total 72704K, used 8627K [0x00000000e0000000, 0x00000000e5000000, 0x0000000100000000)
  eden space 64512K, 13% used [0x00000000e0000000,0x00000000e086ccd0,0x00000000e3f00000)
  from space 8192K, 0% used [0x00000000e3f00000,0x00000000e3f00000,0x00000000e4700000)
  to   space 7168K, 0% used [0x00000000e4700000,0x00000000e4700000,0x00000000e4e00000)
 ParOldGen       total 41984K, used 11762K [0x00000000a0000000, 0x00000000a2900000, 0x00000000e0000000)
  object space 41984K, 28% used [0x00000000a0000000,0x00000000a0b7c950,0x00000000a2900000)
 Metaspace       used 21036K, capacity 21570K, committed 21888K, reserved 1069056K
  class space    used 2961K, capacity 3129K, committed 3200K, reserved 1048576K
GC Heap History (10 events):
Event: 4.719 GC heap before
{Heap before GC invocations=4 (full 0):
 PSYoungGen      total 35328K, used 35296K [0x00000000e0000000, 0x00000000e4500000, 0x0000000100000000)
  eden space 32768K, 100% used [0x00000000e0000000,0x00000000e2000000,0x00000000e2000000)
  from space 2560K, 98% used [0x00000000e2000000,0x00000000e2278020,0x00000000e2280000)
  to   space 2560K, 0% used [0x00000000e4280000,0x00000000e4280000,0x00000000e4500000)
 ParOldGen       total 44032K, used 1816K [0x00000000a0000000, 0x00000000a2b00000, 0x00000000e0000000)
  object space 44032K, 4% used [0x00000000a0000000,0x00000000a01c6148,0x00000000a2b00000)
 Metaspace       used 11870K, capacity 12168K, committed 12544K, reserved 1060864K
  class space    used 1592K, capacity 1714K, committed 1792K, reserved 1048576K
Event: 4.732 GC heap after
Heap after GC invocations=4 (full 0):
 PSYoungGen      total 35328K, used 2560K [0x00000000e0000000, 0x00000000e4500000, 0x0000000100000000)
  eden space 32768K, 0% used [0x00000000e0000000,0x00000000e0000000,0x00000000e2000000)
  from space 2560K, 100% used [0x00000000e4280000,0x00000000e4500000,0x00000000e4500000)
  to   space 2560K, 0% used [0x00000000e2000000,0x00000000e2000000,0x00000000e2280000)
 ParOldGen       total 44032K, used 5303K [0x00000000a0000000, 0x00000000a2b00000, 0x00000000e0000000)
  object space 44032K, 12% used [0x00000000a0000000,0x00000000a052de88,0x00000000a2b00000)
 Metaspace       used 11870K, capacity 12168K, committed 12544K, reserved 1060864K
  class space    used 1592K, capacity 1714K, committed 1792K, reserved 1048576K
}
Event: 5.320 GC heap before
{Heap before GC invocations=5 (full 0):
 PSYoungGen      total 35328K, used 35328K [0x00000000e0000000, 0x00000000e4500000, 0x0000000100000000)
  eden space 32768K, 100% used [0x00000000e0000000,0x00000000e2000000,0x00000000e2000000)
  from space 2560K, 100% used [0x00000000e4280000,0x00000000e4500000,0x00000000e4500000)
  to   space 2560K, 0% used [0x00000000e2000000,0x00000000e2000000,0x00000000e2280000)
 ParOldGen       total 44032K, used 5303K [0x00000000a0000000, 0x00000000a2b00000, 0x00000000e0000000)
  object space 44032K, 12% used [0x00000000a0000000,0x00000000a052de88,0x00000000a2b00000)
 Metaspace       used 15025K, capacity 15364K, committed 15488K, reserved 1062912K
  class space    used 2014K, capacity 2156K, committed 2176K, reserved 1048576K
Event: 5.327 GC heap after
Heap after GC invocations=5 (full 0):
 PSYoungGen      total 35328K, used 2528K [0x00000000e0000000, 0x00000000e4e00000, 0x0000000100000000)
  eden space 32768K, 0% used [0x00000000e0000000,0x00000000e0000000,0x00000000e2000000)
  from space 2560K, 98% used [0x00000000e2000000,0x00000000e2278020,0x00000000e2280000)
  to   space 7168K, 0% used [0x00000000e4700000,0x00000000e4700000,0x00000000e4e00000)
 ParOldGen       total 44032K, used 8718K [0x00000000a0000000, 0x00000000a2b00000, 0x00000000e0000000)
  object space 44032K, 19% used [0x00000000a0000000,0x00000000a0883a28,0x00000000a2b00000)
 Metaspace       used 15025K, capacity 15364K, committed 15488K, reserved 1062912K
  class space    used 2014K, capacity 2156K, committed 2176K, reserved 1048576K
}
Event: 6.626 GC heap before
{Heap before GC invocations=6 (full 0):
 PSYoungGen      total 35328K, used 35296K [0x00000000e0000000, 0x00000000e4e00000, 0x0000000100000000)
  eden space 32768K, 100% used [0x00000000e0000000,0x00000000e2000000,0x00000000e2000000)
  from space 2560K, 98% used [0x00000000e2000000,0x00000000e2278020,0x00000000e2280000)
  to   space 7168K, 0% used [0x00000000e4700000,0x00000000e4700000,0x00000000e4e00000)
 ParOldGen       total 44032K, used 8718K [0x00000000a0000000, 0x00000000a2b00000, 0x00000000e0000000)
  object space 44032K, 19% used [0x00000000a0000000,0x00000000a0883a28,0x00000000a2b00000)
 Metaspace       used 17910K, capacity 18326K, committed 18560K, reserved 1064960K
  class space    used 2463K, capacity 2605K, committed 2688K, reserved 1048576K
Event: 6.642 GC heap after
Heap after GC invocations=6 (full 0):
 PSYoungGen      total 71680K, used 6245K [0x00000000e0000000, 0x00000000e5000000, 0x0000000100000000)
  eden space 64512K, 0% used [0x00000000e0000000,0x00000000e0000000,0x00000000e3f00000)
  from space 7168K, 87% used [0x00000000e4700000,0x00000000e4d19630,0x00000000e4e00000)
  to   space 8192K, 0% used [0x00000000e3f00000,0x00000000e3f00000,0x00000000e4700000)
 ParOldGen       total 44032K, used 8726K [0x00000000a0000000, 0x00000000a2b00000, 0x00000000e0000000)
  object space 44032K, 19% used [0x00000000a0000000,0x00000000a0885a28,0x00000000a2b00000)
 Metaspace       used 17910K, capacity 18326K, committed 18560K, reserved 1064960K
  class space    used 2463K, capacity 2605K, committed 2688K, reserved 1048576K
}
Event: 8.229 GC heap before
{Heap before GC invocations=7 (full 0):
 PSYoungGen      total 71680K, used 47107K [0x00000000e0000000, 0x00000000e5000000, 0x0000000100000000)
  eden space 64512K, 63% used [0x00000000e0000000,0x00000000e27e76d8,0x00000000e3f00000)
  from space 7168K, 87% used [0x00000000e4700000,0x00000000e4d19630,0x00000000e4e00000)
  to   space 8192K, 0% used [0x00000000e3f00000,0x00000000e3f00000,0x00000000e4700000)
 ParOldGen       total 44032K, used 8726K [0x00000000a0000000, 0x00000000a2b00000, 0x00000000e0000000)
  object space 44032K, 19% used [0x00000000a0000000,0x00000000a0885a28,0x00000000a2b00000)
 Metaspace       used 20579K, capacity 21122K, committed 21248K, reserved 1067008K
  class space    used 2876K, capacity 3065K, committed 3072K, reserved 1048576K
Event: 8.243 GC heap after
Heap after GC invocations=7 (full 0):
 PSYoungGen      total 72704K, used 6580K [0x00000000e0000000, 0x00000000e5000000, 0x0000000100000000)
  eden space 64512K, 0% used [0x00000000e0000000,0x00000000e0000000,0x00000000e3f00000)
  from space 8192K, 80% used [0x00000000e3f00000,0x00000000e456d018,0x00000000e4700000)
  to   space 7168K, 0% used [0x00000000e4700000,0x00000000e4700000,0x00000000e4e00000)
 ParOldGen       total 44032K, used 9582K [0x00000000a0000000, 0x00000000a2b00000, 0x00000000e0000000)
  object space 44032K, 21% used [0x00000000a0000000,0x00000000a095ba68,0x00000000a2b00000)
 Metaspace       used 20579K, capacity 21122K, committed 21248K, reserved 1067008K
  class space    used 2876K, capacity 3065K, committed 3072K, reserved 1048576K
}
Event: 8.243 GC heap before
{Heap before GC invocations=8 (full 1):
 PSYoungGen      total 72704K, used 6580K [0x00000000e0000000, 0x00000000e5000000, 0x0000000100000000)
  eden space 64512K, 0% used [0x00000000e0000000,0x00000000e0000000,0x00000000e3f00000)
  from space 8192K, 80% used [0x00000000e3f00000,0x00000000e456d018,0x00000000e4700000)
  to   space 7168K, 0% used [0x00000000e4700000,0x00000000e4700000,0x00000000e4e00000)
 ParOldGen       total 44032K, used 9582K [0x00000000a0000000, 0x00000000a2b00000, 0x00000000e0000000)
  object space 44032K, 21% used [0x00000000a0000000,0x00000000a095ba68,0x00000000a2b00000)
 Metaspace       used 20579K, capacity 21122K, committed 21248K, reserved 1067008K
  class space    used 2876K, capacity 3065K, committed 3072K, reserved 1048576K
Event: 8.344 GC heap after
Heap after GC invocations=8 (full 1):
 PSYoungGen      total 72704K, used 0K [0x00000000e0000000, 0x00000000e5000000, 0x0000000100000000)
  eden space 64512K, 0% used [0x00000000e0000000,0x00000000e0000000,0x00000000e3f00000)
  from space 8192K, 0% used [0x00000000e3f00000,0x00000000e3f00000,0x00000000e4700000)
  to   space 7168K, 0% used [0x00000000e4700000,0x00000000e4700000,0x00000000e4e00000)
 ParOldGen       total 41984K, used 11762K [0x00000000a0000000, 0x00000000a2900000, 0x00000000e0000000)
  object space 41984K, 28% used [0x00000000a0000000,0x00000000a0b7c950,0x00000000a2900000)
 Metaspace       used 20579K, capacity 21122K, committed 21248K, reserved 1067008K
  class space    used 2876K, capacity 3065K, committed 3072K, reserved 1048576K
}

