# JRE version: OpenJDK Runtime Environment (8.0_242-b01) (build 1.8.0_242-release-1644-b01)
# Java VM: OpenJDK 64-Bit Server VM (25.242-b01 mixed mode windows-amd64 compressed oops)
Heap:
 PSYoungGen      total 222720K, used 26843K [0x00000000e0000000, 0x00000000f2400000, 0x0000000100000000)
  eden space 189952K, 14% used [0x00000000e0000000,0x00000000e1a36f90,0x00000000eb980000)
  from space 32768K, 0% used [0x00000000eb980000,0x00000000eb980000,0x00000000ed980000)
  to   space 35328K, 0% used [0x00000000f0180000,0x00000000f0180000,0x00000000f2400000)
 ParOldGen       total 95232K, used 67809K [0x00000000a0000000, 0x00000000a5d00000, 0x00000000e0000000)
  object space 95232K, 71% used [0x00000000a0000000,0x00000000a42385e0,0x00000000a5d00000)
 Metaspace       used 71134K, capacity 75294K, committed 76672K, reserved 1116160K
  class space    used 9559K, capacity 10545K, committed 10880K, reserved 1048576K
GC Heap History (10 events):
Event: 18.270 GC heap before
{Heap before GC invocations=19 (full 3):
 PSYoungGen      total 179712K, used 896K [0x00000000e0000000, 0x00000000ed900000, 0x0000000100000000)
  eden space 162304K, 0% used [0x00000000e0000000,0x00000000e0000000,0x00000000e9e80000)
  from space 17408K, 5% used [0x00000000eb000000,0x00000000eb0e0000,0x00000000ec100000)
  to   space 17920K, 0% used [0x00000000e9e80000,0x00000000e9e80000,0x00000000eb000000)
 ParOldGen       total 59904K, used 47571K [0x00000000a0000000, 0x00000000a3a80000, 0x00000000e0000000)
  object space 59904K, 79% used [0x00000000a0000000,0x00000000a2e74f38,0x00000000a3a80000)
 Metaspace       used 56699K, capacity 58954K, committed 59008K, reserved 1099776K
  class space    used 7750K, capacity 8296K, committed 8320K, reserved 1048576K
Event: 18.588 GC heap after
Heap after GC invocations=19 (full 3):
 PSYoungGen      total 179712K, used 0K [0x00000000e0000000, 0x00000000ed900000, 0x0000000100000000)
  eden space 162304K, 0% used [0x00000000e0000000,0x00000000e0000000,0x00000000e9e80000)
  from space 17408K, 0% used [0x00000000eb000000,0x00000000eb000000,0x00000000ec100000)
  to   space 17920K, 0% used [0x00000000e9e80000,0x00000000e9e80000,0x00000000eb000000)
 ParOldGen       total 95232K, used 36721K [0x00000000a0000000, 0x00000000a5d00000, 0x00000000e0000000)
  object space 95232K, 38% used [0x00000000a0000000,0x00000000a23dc738,0x00000000a5d00000)
 Metaspace       used 56678K, capacity 58882K, committed 59008K, reserved 1099776K
  class space    used 7743K, capacity 8284K, committed 8320K, reserved 1048576K
}
Event: 21.214 GC heap before
{Heap before GC invocations=20 (full 3):
 PSYoungGen      total 179712K, used 162304K [0x00000000e0000000, 0x00000000ed900000, 0x0000000100000000)
  eden space 162304K, 100% used [0x00000000e0000000,0x00000000e9e80000,0x00000000e9e80000)
  from space 17408K, 0% used [0x00000000eb000000,0x00000000eb000000,0x00000000ec100000)
  to   space 17920K, 0% used [0x00000000e9e80000,0x00000000e9e80000,0x00000000eb000000)
 ParOldGen       total 95232K, used 36721K [0x00000000a0000000, 0x00000000a5d00000, 0x00000000e0000000)
  object space 95232K, 38% used [0x00000000a0000000,0x00000000a23dc738,0x00000000a5d00000)
 Metaspace       used 62444K, capacity 65582K, committed 65792K, reserved 1105920K
  class space    used 8636K, capacity 9457K, committed 9472K, reserved 1048576K
Event: 21.253 GC heap after
Heap after GC invocations=20 (full 3):
 PSYoungGen      total 180224K, used 17892K [0x00000000e0000000, 0x00000000eef00000, 0x0000000100000000)
  eden space 162304K, 0% used [0x00000000e0000000,0x00000000e0000000,0x00000000e9e80000)
  from space 17920K, 99% used [0x00000000e9e80000,0x00000000eaff90f8,0x00000000eb000000)
  to   space 22016K, 0% used [0x00000000ed980000,0x00000000ed980000,0x00000000eef00000)
 ParOldGen       total 95232K, used 39510K [0x00000000a0000000, 0x00000000a5d00000, 0x00000000e0000000)
  object space 95232K, 41% used [0x00000000a0000000,0x00000000a2695b00,0x00000000a5d00000)
 Metaspace       used 62444K, capacity 65582K, committed 65792K, reserved 1105920K
  class space    used 8636K, capacity 9457K, committed 9472K, reserved 1048576K
}
Event: 23.333 GC heap before
{Heap before GC invocations=21 (full 3):
 PSYoungGen      total 180224K, used 180196K [0x00000000e0000000, 0x00000000eef00000, 0x0000000100000000)
  eden space 162304K, 100% used [0x00000000e0000000,0x00000000e9e80000,0x00000000e9e80000)
  from space 17920K, 99% used [0x00000000e9e80000,0x00000000eaff90f8,0x00000000eb000000)
  to   space 22016K, 0% used [0x00000000ed980000,0x00000000ed980000,0x00000000eef00000)
 ParOldGen       total 95232K, used 39510K [0x00000000a0000000, 0x00000000a5d00000, 0x00000000e0000000)
  object space 95232K, 41% used [0x00000000a0000000,0x00000000a2695b00,0x00000000a5d00000)
 Metaspace       used 66317K, capacity 70740K, committed 70912K, reserved 1110016K
  class space    used 9229K, capacity 10236K, committed 10240K, reserved 1048576K
Event: 23.385 GC heap after
Heap after GC invocations=21 (full 3):
 PSYoungGen      total 211968K, used 22008K [0x00000000e0000000, 0x00000000f0200000, 0x0000000100000000)
  eden space 189952K, 0% used [0x00000000e0000000,0x00000000e0000000,0x00000000eb980000)
  from space 22016K, 99% used [0x00000000ed980000,0x00000000eeefe030,0x00000000eef00000)
  to   space 32768K, 0% used [0x00000000eb980000,0x00000000eb980000,0x00000000ed980000)
 ParOldGen       total 95232K, used 58758K [0x00000000a0000000, 0x00000000a5d00000, 0x00000000e0000000)
  object space 95232K, 61% used [0x00000000a0000000,0x00000000a3961bb0,0x00000000a5d00000)
 Metaspace       used 66317K, capacity 70740K, committed 70912K, reserved 1110016K
  class space    used 9229K, capacity 10236K, committed 10240K, reserved 1048576K
}
Event: 149.012 GC heap before
{Heap before GC invocations=22 (full 3):
 PSYoungGen      total 211968K, used 211960K [0x00000000e0000000, 0x00000000f0200000, 0x0000000100000000)
  eden space 189952K, 100% used [0x00000000e0000000,0x00000000eb980000,0x00000000eb980000)
  from space 22016K, 99% used [0x00000000ed980000,0x00000000eeefe030,0x00000000eef00000)
  to   space 32768K, 0% used [0x00000000eb980000,0x00000000eb980000,0x00000000ed980000)
 ParOldGen       total 95232K, used 58758K [0x00000000a0000000, 0x00000000a5d00000, 0x00000000e0000000)
  object space 95232K, 61% used [0x00000000a0000000,0x00000000a3961bb0,0x00000000a5d00000)
 Metaspace       used 71441K, capacity 76286K, committed 76416K, reserved 1114112K
  class space    used 9679K, capacity 10759K, committed 10880K, reserved 1048576K
Event: 150.015 GC heap after
Heap after GC invocations=22 (full 3):
 PSYoungGen      total 222720K, used 23619K [0x00000000e0000000, 0x00000000f2400000, 0x0000000100000000)
  eden space 189952K, 0% used [0x00000000e0000000,0x00000000e0000000,0x00000000eb980000)
  from space 32768K, 72% used [0x00000000eb980000,0x00000000ed090fb0,0x00000000ed980000)
  to   space 35328K, 0% used [0x00000000f0180000,0x00000000f0180000,0x00000000f2400000)
 ParOldGen       total 95232K, used 79771K [0x00000000a0000000, 0x00000000a5d00000, 0x00000000e0000000)
  object space 95232K, 83% used [0x00000000a0000000,0x00000000a4de6ea0,0x00000000a5d00000)
 Metaspace       used 71441K, capacity 76286K, committed 76416K, reserved 1114112K
  class space    used 9679K, capacity 10759K, committed 10880K, reserved 1048576K
}
Event: 150.017 GC heap before
{Heap before GC invocations=23 (full 4):
 PSYoungGen      total 222720K, used 23619K [0x00000000e0000000, 0x00000000f2400000, 0x0000000100000000)
  eden space 189952K, 0% used [0x00000000e0000000,0x00000000e0000000,0x00000000eb980000)
  from space 32768K, 72% used [0x00000000eb980000,0x00000000ed090fb0,0x00000000ed980000)
  to   space 35328K, 0% used [0x00000000f0180000,0x00000000f0180000,0x00000000f2400000)
 ParOldGen       total 95232K, used 79771K [0x00000000a0000000, 0x00000000a5d00000, 0x00000000e0000000)
  object space 95232K, 83% used [0x00000000a0000000,0x00000000a4de6ea0,0x00000000a5d00000)
 Metaspace       used 71441K, capacity 76286K, committed 76416K, reserved 1114112K
  class space    used 9679K, capacity 10759K, committed 10880K, reserved 1048576K
Event: 154.014 GC heap after
Heap after GC invocations=23 (full 4):
 PSYoungGen      total 222720K, used 0K [0x00000000e0000000, 0x00000000f2400000, 0x0000000100000000)
  eden space 189952K, 0% used [0x00000000e0000000,0x00000000e0000000,0x00000000eb980000)
  from space 32768K, 0% used [0x00000000eb980000,0x00000000eb980000,0x00000000ed980000)
  to   space 35328K, 0% used [0x00000000f0180000,0x00000000f0180000,0x00000000f2400000)
 ParOldGen       total 95232K, used 67809K [0x00000000a0000000, 0x00000000a5d00000, 0x00000000e0000000)
  object space 95232K, 71% used [0x00000000a0000000,0x00000000a42385e0,0x00000000a5d00000)
 Metaspace       used 71070K, capacity 75226K, committed 76416K, reserved 1114112K
  class space    used 9558K, capacity 10545K, committed 10880K, reserved 1048576K
}

