# JRE version: OpenJDK Runtime Environment (8.0_242-b01) (build 1.8.0_242-release-1644-b01)
# Java VM: OpenJDK 64-Bit Server VM (25.242-b01 mixed mode windows-amd64 compressed oops)
Heap:
 PSYoungGen      total 125952K, used 19870K [0x00000000e0000000, 0x00000000e9300000, 0x0000000100000000)
  eden space 114688K, 7% used [0x00000000e0000000,0x00000000e086b610,0x00000000e7000000)
  from space 11264K, 99% used [0x00000000e7e80000,0x00000000e897c450,0x00000000e8980000)
  to   space 14848K, 0% used [0x00000000e7000000,0x00000000e7000000,0x00000000e7e80000)
 ParOldGen       total 68608K, used 26563K [0x00000000a0000000, 0x00000000a4300000, 0x00000000e0000000)
  object space 68608K, 38% used [0x00000000a0000000,0x00000000a19f0e40,0x00000000a4300000)
 Metaspace       used 51110K, capacity 52762K, committed 53080K, reserved 1095680K
  class space    used 6797K, capacity 7196K, committed 7296K, reserved 1048576K
GC Heap History (10 events):
Event: 25.435 GC heap before
{Heap before GC invocations=12 (full 1):
 PSYoungGen      total 84480K, used 84469K [0x00000000e0000000, 0x00000000e7080000, 0x0000000100000000)
  eden space 77312K, 100% used [0x00000000e0000000,0x00000000e4b80000,0x00000000e4b80000)
  from space 7168K, 99% used [0x00000000e6980000,0x00000000e707d798,0x00000000e7080000)
  to   space 8704K, 0% used [0x00000000e5f80000,0x00000000e5f80000,0x00000000e6800000)
 ParOldGen       total 38400K, used 10557K [0x00000000a0000000, 0x00000000a2580000, 0x00000000e0000000)
  object space 38400K, 27% used [0x00000000a0000000,0x00000000a0a4f760,0x00000000a2580000)
 Metaspace       used 32427K, capacity 33240K, committed 33664K, reserved 1079296K
  class space    used 4453K, capacity 4674K, committed 4736K, reserved 1048576K
Event: 25.660 GC heap after
Heap after GC invocations=12 (full 1):
 PSYoungGen      total 106496K, used 6785K [0x00000000e0000000, 0x00000000e7480000, 0x0000000100000000)
  eden space 97792K, 0% used [0x00000000e0000000,0x00000000e0000000,0x00000000e5f80000)
  from space 8704K, 77% used [0x00000000e5f80000,0x00000000e6620468,0x00000000e6800000)
  to   space 9216K, 0% used [0x00000000e6b80000,0x00000000e6b80000,0x00000000e7480000)
 ParOldGen       total 38400K, used 14710K [0x00000000a0000000, 0x00000000a2580000, 0x00000000e0000000)
  object space 38400K, 38% used [0x00000000a0000000,0x00000000a0e5d8e0,0x00000000a2580000)
 Metaspace       used 32427K, capacity 33240K, committed 33664K, reserved 1079296K
  class space    used 4453K, capacity 4674K, committed 4736K, reserved 1048576K
}
Event: 29.245 GC heap before
{Heap before GC invocations=13 (full 1):
 PSYoungGen      total 106496K, used 47931K [0x00000000e0000000, 0x00000000e7480000, 0x0000000100000000)
  eden space 97792K, 42% used [0x00000000e0000000,0x00000000e282eb78,0x00000000e5f80000)
  from space 8704K, 77% used [0x00000000e5f80000,0x00000000e6620468,0x00000000e6800000)
  to   space 9216K, 0% used [0x00000000e6b80000,0x00000000e6b80000,0x00000000e7480000)
 ParOldGen       total 38400K, used 14710K [0x00000000a0000000, 0x00000000a2580000, 0x00000000e0000000)
  object space 38400K, 38% used [0x00000000a0000000,0x00000000a0e5d8e0,0x00000000a2580000)
 Metaspace       used 34434K, capacity 35218K, committed 35416K, reserved 1079296K
  class space    used 4700K, capacity 4907K, committed 4992K, reserved 1048576K
Event: 29.375 GC heap after
Heap after GC invocations=13 (full 1):
 PSYoungGen      total 110592K, used 3518K [0x00000000e0000000, 0x00000000e8f00000, 0x0000000100000000)
  eden space 101376K, 0% used [0x00000000e0000000,0x00000000e0000000,0x00000000e6300000)
  from space 9216K, 38% used [0x00000000e6b80000,0x00000000e6eef9b0,0x00000000e7480000)
  to   space 8704K, 0% used [0x00000000e6300000,0x00000000e6300000,0x00000000e6b80000)
 ParOldGen       total 38400K, used 18150K [0x00000000a0000000, 0x00000000a2580000, 0x00000000e0000000)
  object space 38400K, 47% used [0x00000000a0000000,0x00000000a11b9930,0x00000000a2580000)
 Metaspace       used 34434K, capacity 35218K, committed 35416K, reserved 1079296K
  class space    used 4700K, capacity 4907K, committed 4992K, reserved 1048576K
}
Event: 29.375 GC heap before
{Heap before GC invocations=14 (full 2):
 PSYoungGen      total 110592K, used 3518K [0x00000000e0000000, 0x00000000e8f00000, 0x0000000100000000)
  eden space 101376K, 0% used [0x00000000e0000000,0x00000000e0000000,0x00000000e6300000)
  from space 9216K, 38% used [0x00000000e6b80000,0x00000000e6eef9b0,0x00000000e7480000)
  to   space 8704K, 0% used [0x00000000e6300000,0x00000000e6300000,0x00000000e6b80000)
 ParOldGen       total 38400K, used 18150K [0x00000000a0000000, 0x00000000a2580000, 0x00000000e0000000)
  object space 38400K, 47% used [0x00000000a0000000,0x00000000a11b9930,0x00000000a2580000)
 Metaspace       used 34434K, capacity 35218K, committed 35416K, reserved 1079296K
  class space    used 4700K, capacity 4907K, committed 4992K, reserved 1048576K
Event: 31.387 GC heap after
Heap after GC invocations=14 (full 2):
 PSYoungGen      total 110592K, used 0K [0x00000000e0000000, 0x00000000e8f00000, 0x0000000100000000)
  eden space 101376K, 0% used [0x00000000e0000000,0x00000000e0000000,0x00000000e6300000)
  from space 9216K, 0% used [0x00000000e6b80000,0x00000000e6b80000,0x00000000e7480000)
  to   space 8704K, 0% used [0x00000000e6300000,0x00000000e6300000,0x00000000e6b80000)
 ParOldGen       total 68608K, used 17197K [0x00000000a0000000, 0x00000000a4300000, 0x00000000e0000000)
  object space 68608K, 25% used [0x00000000a0000000,0x00000000a10cb7a8,0x00000000a4300000)
 Metaspace       used 34434K, capacity 35218K, committed 35416K, reserved 1079296K
  class space    used 4700K, capacity 4907K, committed 4992K, reserved 1048576K
}
Event: 40.844 GC heap before
{Heap before GC invocations=15 (full 2):
 PSYoungGen      total 110592K, used 101376K [0x00000000e0000000, 0x00000000e8f00000, 0x0000000100000000)
  eden space 101376K, 100% used [0x00000000e0000000,0x00000000e6300000,0x00000000e6300000)
  from space 9216K, 0% used [0x00000000e6b80000,0x00000000e6b80000,0x00000000e7480000)
  to   space 8704K, 0% used [0x00000000e6300000,0x00000000e6300000,0x00000000e6b80000)
 ParOldGen       total 68608K, used 17197K [0x00000000a0000000, 0x00000000a4300000, 0x00000000e0000000)
  object space 68608K, 25% used [0x00000000a0000000,0x00000000a10cb7a8,0x00000000a4300000)
 Metaspace       used 43717K, capacity 45046K, committed 45144K, reserved 1087488K
  class space    used 5895K, capacity 6234K, committed 6272K, reserved 1048576K
Event: 41.321 GC heap after
Heap after GC invocations=15 (full 2):
 PSYoungGen      total 110080K, used 8696K [0x00000000e0000000, 0x00000000e8980000, 0x0000000100000000)
  eden space 101376K, 0% used [0x00000000e0000000,0x00000000e0000000,0x00000000e6300000)
  from space 8704K, 99% used [0x00000000e6300000,0x00000000e6b7e0e0,0x00000000e6b80000)
  to   space 11264K, 0% used [0x00000000e7e80000,0x00000000e7e80000,0x00000000e8980000)
 ParOldGen       total 68608K, used 20296K [0x00000000a0000000, 0x00000000a4300000, 0x00000000e0000000)
  object space 68608K, 29% used [0x00000000a0000000,0x00000000a13d20c0,0x00000000a4300000)
 Metaspace       used 43717K, capacity 45046K, committed 45144K, reserved 1087488K
  class space    used 5895K, capacity 6234K, committed 6272K, reserved 1048576K
}
Event: 68.976 GC heap before
{Heap before GC invocations=16 (full 2):
 PSYoungGen      total 110080K, used 110072K [0x00000000e0000000, 0x00000000e8980000, 0x0000000100000000)
  eden space 101376K, 100% used [0x00000000e0000000,0x00000000e6300000,0x00000000e6300000)
  from space 8704K, 99% used [0x00000000e6300000,0x00000000e6b7e0e0,0x00000000e6b80000)
  to   space 11264K, 0% used [0x00000000e7e80000,0x00000000e7e80000,0x00000000e8980000)
 ParOldGen       total 68608K, used 20296K [0x00000000a0000000, 0x00000000a4300000, 0x00000000e0000000)
  object space 68608K, 29% used [0x00000000a0000000,0x00000000a13d20c0,0x00000000a4300000)
 Metaspace       used 50912K, capacity 52494K, committed 52696K, reserved 1095680K
  class space    used 6750K, capacity 7128K, committed 7168K, reserved 1048576K
Event: 70.681 GC heap after
Heap after GC invocations=16 (full 2):
 PSYoungGen      total 125952K, used 11249K [0x00000000e0000000, 0x00000000e9300000, 0x0000000100000000)
  eden space 114688K, 0% used [0x00000000e0000000,0x00000000e0000000,0x00000000e7000000)
  from space 11264K, 99% used [0x00000000e7e80000,0x00000000e897c450,0x00000000e8980000)
  to   space 14848K, 0% used [0x00000000e7000000,0x00000000e7000000,0x00000000e7e80000)
 ParOldGen       total 68608K, used 26563K [0x00000000a0000000, 0x00000000a4300000, 0x00000000e0000000)
  object space 68608K, 38% used [0x00000000a0000000,0x00000000a19f0e40,0x00000000a4300000)
 Metaspace       used 50912K, capacity 52494K, committed 52696K, reserved 1095680K
  class space    used 6750K, capacity 7128K, committed 7168K, reserved 1048576K
}

