# JRE version: OpenJDK Runtime Environment (8.0_242-b01) (build 1.8.0_242-release-1644-b01)
# Java VM: OpenJDK 64-Bit Server VM (25.242-b01 mixed mode windows-amd64 compressed oops)
Heap:
 PSYoungGen      total 270848K, used 54195K [0x00000000e0000000, 0x00000000f2480000, 0x0000000100000000)
  eden space 252416K, 21% used [0x00000000e0000000,0x00000000e34ecfb0,0x00000000ef680000)
  from space 18432K, 0% used [0x00000000f0a00000,0x00000000f0a00000,0x00000000f1c00000)
  to   space 19968K, 0% used [0x00000000ef680000,0x00000000ef680000,0x00000000f0a00000)
 ParOldGen       total 86528K, used 37431K [0x00000000a0000000, 0x00000000a5480000, 0x00000000e0000000)
  object space 86528K, 43% used [0x00000000a0000000,0x00000000a248dcb8,0x00000000a5480000)
 Metaspace       used 57774K, capacity 60050K, committed 60200K, reserved 1101824K
  class space    used 7877K, capacity 8443K, committed 8496K, reserved 1048576K
GC Heap History (10 events):
Event: 9.356 GC heap before
{Heap before GC invocations=11 (full 1):
 PSYoungGen      total 138752K, used 64053K [0x00000000e0000000, 0x00000000ed200000, 0x0000000100000000)
  eden space 129024K, 42% used [0x00000000e0000000,0x00000000e3510da8,0x00000000e7e00000)
  from space 9728K, 99% used [0x00000000e7e00000,0x00000000e877c6c0,0x00000000e8780000)
  to   space 12800K, 0% used [0x00000000ec580000,0x00000000ec580000,0x00000000ed200000)
 ParOldGen       total 30720K, used 11324K [0x00000000a0000000, 0x00000000a1e00000, 0x00000000e0000000)
  object space 30720K, 36% used [0x00000000a0000000,0x00000000a0b0f038,0x00000000a1e00000)
 Metaspace       used 34460K, capacity 35384K, committed 35496K, reserved 1079296K
  class space    used 4740K, capacity 4990K, committed 5040K, reserved 1048576K
Event: 9.380 GC heap after
Heap after GC invocations=11 (full 1):
 PSYoungGen      total 200704K, used 10092K [0x00000000e0000000, 0x00000000ed280000, 0x0000000100000000)
  eden space 187904K, 0% used [0x00000000e0000000,0x00000000e0000000,0x00000000eb780000)
  from space 12800K, 78% used [0x00000000ec580000,0x00000000ecf5b0b8,0x00000000ed200000)
  to   space 13824K, 0% used [0x00000000eb780000,0x00000000eb780000,0x00000000ec500000)
 ParOldGen       total 30720K, used 11332K [0x00000000a0000000, 0x00000000a1e00000, 0x00000000e0000000)
  object space 30720K, 36% used [0x00000000a0000000,0x00000000a0b11038,0x00000000a1e00000)
 Metaspace       used 34460K, capacity 35384K, committed 35496K, reserved 1079296K
  class space    used 4740K, capacity 4990K, committed 5040K, reserved 1048576K
}
Event: 9.380 GC heap before
{Heap before GC invocations=12 (full 2):
 PSYoungGen      total 200704K, used 10092K [0x00000000e0000000, 0x00000000ed280000, 0x0000000100000000)
  eden space 187904K, 0% used [0x00000000e0000000,0x00000000e0000000,0x00000000eb780000)
  from space 12800K, 78% used [0x00000000ec580000,0x00000000ecf5b0b8,0x00000000ed200000)
  to   space 13824K, 0% used [0x00000000eb780000,0x00000000eb780000,0x00000000ec500000)
 ParOldGen       total 30720K, used 11332K [0x00000000a0000000, 0x00000000a1e00000, 0x00000000e0000000)
  object space 30720K, 36% used [0x00000000a0000000,0x00000000a0b11038,0x00000000a1e00000)
 Metaspace       used 34460K, capacity 35384K, committed 35496K, reserved 1079296K
  class space    used 4740K, capacity 4990K, committed 5040K, reserved 1048576K
Event: 9.545 GC heap after
Heap after GC invocations=12 (full 2):
 PSYoungGen      total 200704K, used 0K [0x00000000e0000000, 0x00000000ed280000, 0x0000000100000000)
  eden space 187904K, 0% used [0x00000000e0000000,0x00000000e0000000,0x00000000eb780000)
  from space 12800K, 0% used [0x00000000ec580000,0x00000000ec580000,0x00000000ed200000)
  to   space 13824K, 0% used [0x00000000eb780000,0x00000000eb780000,0x00000000ec500000)
 ParOldGen       total 49664K, used 16708K [0x00000000a0000000, 0x00000000a3080000, 0x00000000e0000000)
  object space 49664K, 33% used [0x00000000a0000000,0x00000000a10512f8,0x00000000a3080000)
 Metaspace       used 34460K, capacity 35384K, committed 35496K, reserved 1079296K
  class space    used 4740K, capacity 4990K, committed 5040K, reserved 1048576K
}
Event: 14.052 GC heap before
{Heap before GC invocations=13 (full 2):
 PSYoungGen      total 200704K, used 187904K [0x00000000e0000000, 0x00000000ed280000, 0x0000000100000000)
  eden space 187904K, 100% used [0x00000000e0000000,0x00000000eb780000,0x00000000eb780000)
  from space 12800K, 0% used [0x00000000ec580000,0x00000000ec580000,0x00000000ed200000)
  to   space 13824K, 0% used [0x00000000eb780000,0x00000000eb780000,0x00000000ec500000)
 ParOldGen       total 49664K, used 16708K [0x00000000a0000000, 0x00000000a3080000, 0x00000000e0000000)
  object space 49664K, 33% used [0x00000000a0000000,0x00000000a10512f8,0x00000000a3080000)
 Metaspace       used 50400K, capacity 52080K, committed 52264K, reserved 1093632K
  class space    used 6715K, capacity 7107K, committed 7216K, reserved 1048576K
Event: 14.136 GC heap after
Heap after GC invocations=13 (full 2):
 PSYoungGen      total 201728K, used 13811K [0x00000000e0000000, 0x00000000f1c00000, 0x0000000100000000)
  eden space 187904K, 0% used [0x00000000e0000000,0x00000000e0000000,0x00000000eb780000)
  from space 13824K, 99% used [0x00000000eb780000,0x00000000ec4fcec8,0x00000000ec500000)
  to   space 18432K, 0% used [0x00000000f0a00000,0x00000000f0a00000,0x00000000f1c00000)
 ParOldGen       total 49664K, used 24322K [0x00000000a0000000, 0x00000000a3080000, 0x00000000e0000000)
  object space 49664K, 48% used [0x00000000a0000000,0x00000000a17c0af8,0x00000000a3080000)
 Metaspace       used 50400K, capacity 52080K, committed 52264K, reserved 1093632K
  class space    used 6715K, capacity 7107K, committed 7216K, reserved 1048576K
}
Event: 22.031 GC heap before
{Heap before GC invocations=14 (full 2):
 PSYoungGen      total 201728K, used 149235K [0x00000000e0000000, 0x00000000f1c00000, 0x0000000100000000)
  eden space 187904K, 72% used [0x00000000e0000000,0x00000000e843fdf8,0x00000000eb780000)
  from space 13824K, 99% used [0x00000000eb780000,0x00000000ec4fcec8,0x00000000ec500000)
  to   space 18432K, 0% used [0x00000000f0a00000,0x00000000f0a00000,0x00000000f1c00000)
 ParOldGen       total 49664K, used 24322K [0x00000000a0000000, 0x00000000a3080000, 0x00000000e0000000)
  object space 49664K, 48% used [0x00000000a0000000,0x00000000a17c0af8,0x00000000a3080000)
 Metaspace       used 56776K, capacity 59022K, committed 59160K, reserved 1099776K
  class space    used 7712K, capacity 8278K, committed 8368K, reserved 1048576K
Event: 22.567 GC heap after
Heap after GC invocations=14 (full 2):
 PSYoungGen      total 270848K, used 13662K [0x00000000e0000000, 0x00000000f2480000, 0x0000000100000000)
  eden space 252416K, 0% used [0x00000000e0000000,0x00000000e0000000,0x00000000ef680000)
  from space 18432K, 74% used [0x00000000f0a00000,0x00000000f1757930,0x00000000f1c00000)
  to   space 19968K, 0% used [0x00000000ef680000,0x00000000ef680000,0x00000000f0a00000)
 ParOldGen       total 49664K, used 34720K [0x00000000a0000000, 0x00000000a3080000, 0x00000000e0000000)
  object space 49664K, 69% used [0x00000000a0000000,0x00000000a21e8318,0x00000000a3080000)
 Metaspace       used 56776K, capacity 59022K, committed 59160K, reserved 1099776K
  class space    used 7712K, capacity 8278K, committed 8368K, reserved 1048576K
}
Event: 22.567 GC heap before
{Heap before GC invocations=15 (full 3):
 PSYoungGen      total 270848K, used 13662K [0x00000000e0000000, 0x00000000f2480000, 0x0000000100000000)
  eden space 252416K, 0% used [0x00000000e0000000,0x00000000e0000000,0x00000000ef680000)
  from space 18432K, 74% used [0x00000000f0a00000,0x00000000f1757930,0x00000000f1c00000)
  to   space 19968K, 0% used [0x00000000ef680000,0x00000000ef680000,0x00000000f0a00000)
 ParOldGen       total 49664K, used 34720K [0x00000000a0000000, 0x00000000a3080000, 0x00000000e0000000)
  object space 49664K, 69% used [0x00000000a0000000,0x00000000a21e8318,0x00000000a3080000)
 Metaspace       used 56776K, capacity 59022K, committed 59160K, reserved 1099776K
  class space    used 7712K, capacity 8278K, committed 8368K, reserved 1048576K
Event: 25.120 GC heap after
Heap after GC invocations=15 (full 3):
 PSYoungGen      total 270848K, used 0K [0x00000000e0000000, 0x00000000f2480000, 0x0000000100000000)
  eden space 252416K, 0% used [0x00000000e0000000,0x00000000e0000000,0x00000000ef680000)
  from space 18432K, 0% used [0x00000000f0a00000,0x00000000f0a00000,0x00000000f1c00000)
  to   space 19968K, 0% used [0x00000000ef680000,0x00000000ef680000,0x00000000f0a00000)
 ParOldGen       total 86528K, used 37431K [0x00000000a0000000, 0x00000000a5480000, 0x00000000e0000000)
  object space 86528K, 43% used [0x00000000a0000000,0x00000000a248dcb8,0x00000000a5480000)
 Metaspace       used 56761K, capacity 58974K, committed 59160K, reserved 1099776K
  class space    used 7708K, capacity 8270K, committed 8368K, reserved 1048576K
}

